<?xml version="1.0" encoding="UTF-8"?>
<!-- Generated by org.testng.reporters.JUnitReportReporter -->
<testsuite skipped="0" hostname="Anndy-PC" name="cn.AnndyTsal.PO.APP_PO.Case.HomeTestCase1" tests="1" failures="0" timestamp="05 八月 2019 11:48:20 GMT" time="59.068" errors="0">
  <testcase name="case1" time="59.068" classname="cn.AnndyTsal.PO.APP_PO.Case.HomeTestCase1"/>
</testsuite> <!-- cn.AnndyTsal.PO.APP_PO.Case.HomeTestCase1 -->
