<?xml version="1.0" encoding="UTF-8"?>
<!-- Generated by org.testng.reporters.JUnitReportReporter -->
<testsuite skipped="0" hostname="Anndy-PC" name="cn.AnndyTsal.PO.APP_PO.Base.case1" tests="1" failures="0" timestamp="02 八月 2019 08:53:00 GMT" time="0.017" errors="0">
  <testcase name="case2" time="0.017" classname="cn.AnndyTsal.PO.APP_PO.Base.case1"/>
</testsuite> <!-- cn.AnndyTsal.PO.APP_PO.Base.case1 -->
