<?xml version="1.0" encoding="UTF-8"?>
<!-- Generated by org.testng.reporters.JUnitReportReporter -->
<testsuite skipped="0" hostname="Anndy-PC" name="cn.AnndyTsal.PO.APP_PO.Case.HomeTestCase" tests="1" failures="0" timestamp="05 八月 2019 02:45:46 GMT" time="39.317" errors="0">
  <testcase name="extCase" time="39.317" classname="cn.AnndyTsal.PO.APP_PO.Case.HomeTestCase"/>
</testsuite> <!-- cn.AnndyTsal.PO.APP_PO.Case.HomeTestCase -->
